<?xml version="1.0" encoding="UTF-8"?>
<testng-results skipped="1" failed="0" ignored="0" total="1" passed="0">
  <reporter-output>
  </reporter-output>
  <suite name="Default suite" duration-ms="1396" started-at="2019-09-12T16:07:44 IST" finished-at="2019-09-12T16:07:45 IST">
    <groups>
    </groups>
    <test name="Default test" duration-ms="1396" started-at="2019-09-12T16:07:44 IST" finished-at="2019-09-12T16:07:45 IST">
      <class name="Module.Home_Page">
        <test-method status="FAIL" signature="t()[pri:0, instance:Module.Home_Page@292b08d6]" name="t" is-config="true" duration-ms="1341" started-at="2019-09-12T16:07:44 IST" finished-at="2019-09-12T16:07:45 IST">
          <exception class="org.openqa.selenium.WebDriverException">
            <message>
              <![CDATA[unknown error: cannot find Microsoft Edge binary
Build info: version: '3.141.59', revision: 'e82be7d358', time: '2018-11-14T08:17:03'
System info: host: 'DESKTOP-48N6LPH', ip: '192.168.0.9', os.name: 'Windows 10', os.arch: 'amd64', os.version: '10.0', java.version: '1.8.0_221'
Driver info: driver.version: EdgeDriver
remote stacktrace: Backtrace:
Ordinal0 [0x00007FF674F689E2+1870306]
Ordinal0 [0x00007FF674ECFF52+1245010]
Ordinal0 [0x00007FF674E3CF11+642833]
Ordinal0 [0x00007FF674DB0A1A+68122]
Ordinal0 [0x00007FF674DD6D90+224656]
Ordinal0 [0x00007FF674DD428F+213647]
Ordinal0 [0x00007FF674DB6A5F+92767]
Ordinal0 [0x00007FF674DB7B5E+97118]
Ordinal0 [0x00007FF674EEEA31+1370673]
GetHandleVerifier [0x00007FF67501EC45+585477]
GetHandleVerifier [0x00007FF67501E9B1+584817]
GetHandleVerifier [0x00007FF6750268BC+617340]
GetHandleVerifier [0x00007FF67501F456+587542]
Ordinal0 [0x00007FF674EE3F7E+1326974]
Ordinal0 [0x00007FF674EF0E06+1379846]
Ordinal0 [0x00007FF674EEFCAD+1375405]
BaseThreadInitThunk [0x00007FFC7F5A7BD4+20]
RtlUserThreadStart [0x00007FFC7F7ECEE1+33]
]]>
            </message>
            <full-stacktrace>
              <![CDATA[org.openqa.selenium.WebDriverException: unknown error: cannot find Microsoft Edge binary
Build info: version: '3.141.59', revision: 'e82be7d358', time: '2018-11-14T08:17:03'
System info: host: 'DESKTOP-48N6LPH', ip: '192.168.0.9', os.name: 'Windows 10', os.arch: 'amd64', os.version: '10.0', java.version: '1.8.0_221'
Driver info: driver.version: EdgeDriver
remote stacktrace: Backtrace:
Ordinal0 [0x00007FF674F689E2+1870306]
Ordinal0 [0x00007FF674ECFF52+1245010]
Ordinal0 [0x00007FF674E3CF11+642833]
Ordinal0 [0x00007FF674DB0A1A+68122]
Ordinal0 [0x00007FF674DD6D90+224656]
Ordinal0 [0x00007FF674DD428F+213647]
Ordinal0 [0x00007FF674DB6A5F+92767]
Ordinal0 [0x00007FF674DB7B5E+97118]
Ordinal0 [0x00007FF674EEEA31+1370673]
GetHandleVerifier [0x00007FF67501EC45+585477]
GetHandleVerifier [0x00007FF67501E9B1+584817]
GetHandleVerifier [0x00007FF6750268BC+617340]
GetHandleVerifier [0x00007FF67501F456+587542]
Ordinal0 [0x00007FF674EE3F7E+1326974]
Ordinal0 [0x00007FF674EF0E06+1379846]
Ordinal0 [0x00007FF674EEFCAD+1375405]
BaseThreadInitThunk [0x00007FFC7F5A7BD4+20]
RtlUserThreadStart [0x00007FFC7F7ECEE1+33]

at sun.reflect.NativeConstructorAccessorImpl.newInstance0(Native Method)
at sun.reflect.NativeConstructorAccessorImpl.newInstance(Unknown Source)
at sun.reflect.DelegatingConstructorAccessorImpl.newInstance(Unknown Source)
at java.lang.reflect.Constructor.newInstance(Unknown Source)
at org.openqa.selenium.remote.W3CHandshakeResponse.lambda$errorHandler$0(W3CHandshakeResponse.java:62)
at org.openqa.selenium.remote.HandshakeResponse.lambda$getResponseFunction$0(HandshakeResponse.java:30)
at org.openqa.selenium.remote.ProtocolHandshake.lambda$createSession$0(ProtocolHandshake.java:126)
at java.util.stream.ReferencePipeline$3$1.accept(Unknown Source)
at java.util.Spliterators$ArraySpliterator.tryAdvance(Unknown Source)
at java.util.stream.ReferencePipeline.forEachWithCancel(Unknown Source)
at java.util.stream.AbstractPipeline.copyIntoWithCancel(Unknown Source)
at java.util.stream.AbstractPipeline.copyInto(Unknown Source)
at java.util.stream.AbstractPipeline.wrapAndCopyInto(Unknown Source)
at java.util.stream.FindOps$FindOp.evaluateSequential(Unknown Source)
at java.util.stream.AbstractPipeline.evaluate(Unknown Source)
at java.util.stream.ReferencePipeline.findFirst(Unknown Source)
at org.openqa.selenium.remote.ProtocolHandshake.createSession(ProtocolHandshake.java:128)
at org.openqa.selenium.remote.ProtocolHandshake.createSession(ProtocolHandshake.java:74)
at org.openqa.selenium.remote.HttpCommandExecutor.execute(HttpCommandExecutor.java:136)
at org.openqa.selenium.remote.service.DriverCommandExecutor.execute(DriverCommandExecutor.java:83)
at org.openqa.selenium.remote.RemoteWebDriver.execute(RemoteWebDriver.java:552)
at org.openqa.selenium.remote.RemoteWebDriver.startSession(RemoteWebDriver.java:213)
at org.openqa.selenium.remote.RemoteWebDriver.<init>(RemoteWebDriver.java:131)
at org.openqa.selenium.edge.EdgeDriver.<init>(EdgeDriver.java:141)
at org.openqa.selenium.edge.EdgeDriver.<init>(EdgeDriver.java:96)
at Resources.Base.Choosing_Browser(Base.java:38)
at Module.Home_Page.t(Home_Page.java:17)
at sun.reflect.NativeMethodAccessorImpl.invoke0(Native Method)
at sun.reflect.NativeMethodAccessorImpl.invoke(Unknown Source)
at sun.reflect.DelegatingMethodAccessorImpl.invoke(Unknown Source)
at java.lang.reflect.Method.invoke(Unknown Source)
at org.testng.internal.MethodInvocationHelper.invokeMethod(MethodInvocationHelper.java:133)
at org.testng.internal.MethodInvocationHelper.invokeMethodConsideringTimeout(MethodInvocationHelper.java:62)
at org.testng.internal.ConfigInvoker.invokeConfigurationMethod(ConfigInvoker.java:340)
at org.testng.internal.ConfigInvoker.invokeConfigurations(ConfigInvoker.java:294)
at org.testng.TestRunner.invokeTestConfigurations(TestRunner.java:623)
at org.testng.TestRunner.beforeRun(TestRunner.java:613)
at org.testng.TestRunner.run(TestRunner.java:584)
at org.testng.SuiteRunner.runTest(SuiteRunner.java:402)
at org.testng.SuiteRunner.runSequentially(SuiteRunner.java:396)
at org.testng.SuiteRunner.privateRun(SuiteRunner.java:355)
at org.testng.SuiteRunner.run(SuiteRunner.java:304)
at org.testng.SuiteRunnerWorker.runSuite(SuiteRunnerWorker.java:53)
at org.testng.SuiteRunnerWorker.run(SuiteRunnerWorker.java:96)
at org.testng.TestNG.runSuitesSequentially(TestNG.java:1180)
at org.testng.TestNG.runSuitesLocally(TestNG.java:1102)
at org.testng.TestNG.runSuites(TestNG.java:1032)
at org.testng.TestNG.run(TestNG.java:1000)
at org.testng.remote.AbstractRemoteTestNG.run(AbstractRemoteTestNG.java:115)
at org.testng.remote.RemoteTestNG.initAndRun(RemoteTestNG.java:251)
at org.testng.remote.RemoteTestNG.main(RemoteTestNG.java:77)
]]>
            </full-stacktrace>
          </exception> <!-- org.openqa.selenium.WebDriverException -->
          <reporter-output>
          </reporter-output>
        </test-method> <!-- t -->
        <test-method status="SKIP" signature="HomePage(java.lang.String, java.lang.String)[pri:0, instance:Module.Home_Page@292b08d6]" name="HomePage" duration-ms="0" started-at="2019-09-12T16:07:45 IST" data-provider="getdata" finished-at="2019-09-12T16:07:45 IST">
          <exception class="org.openqa.selenium.WebDriverException">
            <message>
              <![CDATA[unknown error: cannot find Microsoft Edge binary
Build info: version: '3.141.59', revision: 'e82be7d358', time: '2018-11-14T08:17:03'
System info: host: 'DESKTOP-48N6LPH', ip: '192.168.0.9', os.name: 'Windows 10', os.arch: 'amd64', os.version: '10.0', java.version: '1.8.0_221'
Driver info: driver.version: EdgeDriver
remote stacktrace: Backtrace:
Ordinal0 [0x00007FF674F689E2+1870306]
Ordinal0 [0x00007FF674ECFF52+1245010]
Ordinal0 [0x00007FF674E3CF11+642833]
Ordinal0 [0x00007FF674DB0A1A+68122]
Ordinal0 [0x00007FF674DD6D90+224656]
Ordinal0 [0x00007FF674DD428F+213647]
Ordinal0 [0x00007FF674DB6A5F+92767]
Ordinal0 [0x00007FF674DB7B5E+97118]
Ordinal0 [0x00007FF674EEEA31+1370673]
GetHandleVerifier [0x00007FF67501EC45+585477]
GetHandleVerifier [0x00007FF67501E9B1+584817]
GetHandleVerifier [0x00007FF6750268BC+617340]
GetHandleVerifier [0x00007FF67501F456+587542]
Ordinal0 [0x00007FF674EE3F7E+1326974]
Ordinal0 [0x00007FF674EF0E06+1379846]
Ordinal0 [0x00007FF674EEFCAD+1375405]
BaseThreadInitThunk [0x00007FFC7F5A7BD4+20]
RtlUserThreadStart [0x00007FFC7F7ECEE1+33]
]]>
            </message>
            <full-stacktrace>
              <![CDATA[org.openqa.selenium.WebDriverException: unknown error: cannot find Microsoft Edge binary
Build info: version: '3.141.59', revision: 'e82be7d358', time: '2018-11-14T08:17:03'
System info: host: 'DESKTOP-48N6LPH', ip: '192.168.0.9', os.name: 'Windows 10', os.arch: 'amd64', os.version: '10.0', java.version: '1.8.0_221'
Driver info: driver.version: EdgeDriver
remote stacktrace: Backtrace:
Ordinal0 [0x00007FF674F689E2+1870306]
Ordinal0 [0x00007FF674ECFF52+1245010]
Ordinal0 [0x00007FF674E3CF11+642833]
Ordinal0 [0x00007FF674DB0A1A+68122]
Ordinal0 [0x00007FF674DD6D90+224656]
Ordinal0 [0x00007FF674DD428F+213647]
Ordinal0 [0x00007FF674DB6A5F+92767]
Ordinal0 [0x00007FF674DB7B5E+97118]
Ordinal0 [0x00007FF674EEEA31+1370673]
GetHandleVerifier [0x00007FF67501EC45+585477]
GetHandleVerifier [0x00007FF67501E9B1+584817]
GetHandleVerifier [0x00007FF6750268BC+617340]
GetHandleVerifier [0x00007FF67501F456+587542]
Ordinal0 [0x00007FF674EE3F7E+1326974]
Ordinal0 [0x00007FF674EF0E06+1379846]
Ordinal0 [0x00007FF674EEFCAD+1375405]
BaseThreadInitThunk [0x00007FFC7F5A7BD4+20]
RtlUserThreadStart [0x00007FFC7F7ECEE1+33]

at sun.reflect.NativeConstructorAccessorImpl.newInstance0(Native Method)
at sun.reflect.NativeConstructorAccessorImpl.newInstance(Unknown Source)
at sun.reflect.DelegatingConstructorAccessorImpl.newInstance(Unknown Source)
at java.lang.reflect.Constructor.newInstance(Unknown Source)
at org.openqa.selenium.remote.W3CHandshakeResponse.lambda$errorHandler$0(W3CHandshakeResponse.java:62)
at org.openqa.selenium.remote.HandshakeResponse.lambda$getResponseFunction$0(HandshakeResponse.java:30)
at org.openqa.selenium.remote.ProtocolHandshake.lambda$createSession$0(ProtocolHandshake.java:126)
at java.util.stream.ReferencePipeline$3$1.accept(Unknown Source)
at java.util.Spliterators$ArraySpliterator.tryAdvance(Unknown Source)
at java.util.stream.ReferencePipeline.forEachWithCancel(Unknown Source)
at java.util.stream.AbstractPipeline.copyIntoWithCancel(Unknown Source)
at java.util.stream.AbstractPipeline.copyInto(Unknown Source)
at java.util.stream.AbstractPipeline.wrapAndCopyInto(Unknown Source)
at java.util.stream.FindOps$FindOp.evaluateSequential(Unknown Source)
at java.util.stream.AbstractPipeline.evaluate(Unknown Source)
at java.util.stream.ReferencePipeline.findFirst(Unknown Source)
at org.openqa.selenium.remote.ProtocolHandshake.createSession(ProtocolHandshake.java:128)
at org.openqa.selenium.remote.ProtocolHandshake.createSession(ProtocolHandshake.java:74)
at org.openqa.selenium.remote.HttpCommandExecutor.execute(HttpCommandExecutor.java:136)
at org.openqa.selenium.remote.service.DriverCommandExecutor.execute(DriverCommandExecutor.java:83)
at org.openqa.selenium.remote.RemoteWebDriver.execute(RemoteWebDriver.java:552)
at org.openqa.selenium.remote.RemoteWebDriver.startSession(RemoteWebDriver.java:213)
at org.openqa.selenium.remote.RemoteWebDriver.<init>(RemoteWebDriver.java:131)
at org.openqa.selenium.edge.EdgeDriver.<init>(EdgeDriver.java:141)
at org.openqa.selenium.edge.EdgeDriver.<init>(EdgeDriver.java:96)
at Resources.Base.Choosing_Browser(Base.java:38)
at Module.Home_Page.t(Home_Page.java:17)
at sun.reflect.NativeMethodAccessorImpl.invoke0(Native Method)
at sun.reflect.NativeMethodAccessorImpl.invoke(Unknown Source)
at sun.reflect.DelegatingMethodAccessorImpl.invoke(Unknown Source)
at java.lang.reflect.Method.invoke(Unknown Source)
at org.testng.internal.MethodInvocationHelper.invokeMethod(MethodInvocationHelper.java:133)
at org.testng.internal.MethodInvocationHelper.invokeMethodConsideringTimeout(MethodInvocationHelper.java:62)
at org.testng.internal.ConfigInvoker.invokeConfigurationMethod(ConfigInvoker.java:340)
at org.testng.internal.ConfigInvoker.invokeConfigurations(ConfigInvoker.java:294)
at org.testng.TestRunner.invokeTestConfigurations(TestRunner.java:623)
at org.testng.TestRunner.beforeRun(TestRunner.java:613)
at org.testng.TestRunner.run(TestRunner.java:584)
at org.testng.SuiteRunner.runTest(SuiteRunner.java:402)
at org.testng.SuiteRunner.runSequentially(SuiteRunner.java:396)
at org.testng.SuiteRunner.privateRun(SuiteRunner.java:355)
at org.testng.SuiteRunner.run(SuiteRunner.java:304)
at org.testng.SuiteRunnerWorker.runSuite(SuiteRunnerWorker.java:53)
at org.testng.SuiteRunnerWorker.run(SuiteRunnerWorker.java:96)
at org.testng.TestNG.runSuitesSequentially(TestNG.java:1180)
at org.testng.TestNG.runSuitesLocally(TestNG.java:1102)
at org.testng.TestNG.runSuites(TestNG.java:1032)
at org.testng.TestNG.run(TestNG.java:1000)
at org.testng.remote.AbstractRemoteTestNG.run(AbstractRemoteTestNG.java:115)
at org.testng.remote.RemoteTestNG.initAndRun(RemoteTestNG.java:251)
at org.testng.remote.RemoteTestNG.main(RemoteTestNG.java:77)
]]>
            </full-stacktrace>
          </exception> <!-- org.openqa.selenium.WebDriverException -->
          <reporter-output>
          </reporter-output>
        </test-method> <!-- HomePage -->
        <test-method status="SKIP" signature="closing_browser()[pri:0, instance:Module.Home_Page@292b08d6]" name="closing_browser" is-config="true" duration-ms="-1568284665586" started-at="2019-09-12T16:07:45 IST" finished-at="1970-01-01T05:30:00 IST">
          <reporter-output>
          </reporter-output>
        </test-method> <!-- closing_browser -->
      </class> <!-- Module.Home_Page -->
    </test> <!-- Default test -->
  </suite> <!-- Default suite -->
</testng-results>
